<?xml version="1.0" encoding="UTF-8"?>
<!-- Generated by org.testng.reporters.JUnitReportReporter -->
<testsuite skipped="0" hostname="PPBNOMB2000839.local" name="ApprovalWorkflowTest" tests="12" failures="0" timestamp="2019-10-25T06:48:41 IST" time="0.010" errors="0">
  <testcase name="testNoStateTransition" time="0.000" classname="ApprovalWorkflowTest"/>
  <testcase name="shouldThrowExceptionOnStartWithNullState" time="0.002" classname="ApprovalWorkflowTest"/>
  <testcase name="testValidStateTransition" time="0.000" classname="ApprovalWorkflowTest"/>
  <testcase name="testValidStateTransition" time="0.001" classname="ApprovalWorkflowTest"/>
  <testcase name="shouldComeToRightStateAfterMultipleTransitions" time="0.000" classname="ApprovalWorkflowTest"/>
  <testcase name="testNoStateTransition" time="0.000" classname="ApprovalWorkflowTest"/>
  <testcase name="shouldComeToRightStateAfterMultipleTransitions" time="0.006" classname="ApprovalWorkflowTest"/>
  <testcase name="testNoStateTransition" time="0.000" classname="ApprovalWorkflowTest"/>
  <testcase name="testValidStateTransition" time="0.000" classname="ApprovalWorkflowTest"/>
  <testcase name="testValidStateTransition" time="0.000" classname="ApprovalWorkflowTest"/>
  <testcase name="testNoStateTransition" time="0.001" classname="ApprovalWorkflowTest"/>
  <testcase name="testValidStateTransition" time="0.000" classname="ApprovalWorkflowTest"/>
</testsuite> <!-- ApprovalWorkflowTest -->
